<?xml version="1.0" encoding="UTF-8"?>
<!-- Generated by org.testng.reporters.JUnitReportReporter -->
<testsuite hostname="Avi-shek" failures="0" tests="1" name="AvishekLearning.ExtentPractise" time="5.549" errors="0" timestamp="2024-03-22T19:56:33 IST" skipped="0">
  <testcase classname="AvishekLearning.ExtentPractise" name="openPage" time="5.549"/>
  <system-out/>
</testsuite> <!-- AvishekLearning.ExtentPractise -->
