<?xml version="1.0" encoding="UTF-8"?>
<!-- Generated by org.testng.reporters.JUnitReportReporter -->
<testsuite hostname="Avi-shek" failures="0" tests="2" name="AvishekLearning.EndToEndTest" time="20.349" errors="0" timestamp="2024-04-07T19:23:10 IST" skipped="0">
  <testcase classname="AvishekLearning.EndToEndTest" name="shop" time="9.345"/>
  <system-out/>
  <testcase classname="AvishekLearning.EndToEndTest" name="shop" time="11.004"/>
  <system-out/>
</testsuite> <!-- AvishekLearning.EndToEndTest -->
