<?xml version="1.0" encoding="UTF-8"?>
<!-- Generated by org.testng.reporters.JUnitReportReporter -->
<testsuite hostname="Avi-shek" failures="0" tests="1" name="AvishekLearning.CumcumberStepDefinations.CucumberStepDefination" time="11.010" errors="0" timestamp="2024-04-07T21:49:07 IST" skipped="0">
  <testcase classname="AvishekLearning.CumcumberStepDefinations.CucumberStepDefination" name="landTOsite" time="11.010"/>
  <system-out/>
</testsuite> <!-- AvishekLearning.CumcumberStepDefinations.CucumberStepDefination -->
