<?xml version="1.0" encoding="UTF-8"?>
<!-- Generated by org.testng.reporters.JUnitReportReporter -->
<testsuite hostname="Avi-shek" failures="0" tests="1" name="AvishekLearning.ScreenshotTakingPractise" time="13.670" errors="0" timestamp="2024-03-24T12:22:50 IST" skipped="0">
  <testcase classname="AvishekLearning.ScreenshotTakingPractise" name="getScreenshot1" time="13.670"/>
  <system-out/>
</testsuite> <!-- AvishekLearning.ScreenshotTakingPractise -->
