<?xml version="1.0" encoding="UTF-8"?>
<!-- Generated by org.testng.reporters.JUnitReportReporter -->
<testsuite hostname="Avi-shek" failures="0" tests="2" name="CucumberFramework.TestngTestRunner" time="16.683" errors="0" timestamp="2024-04-08T12:56:15 IST" skipped="0">
  <testcase classname="CucumberFramework.TestngTestRunner" name="runScenario" time="9.138"/>
  <system-out/>
  <testcase classname="CucumberFramework.TestngTestRunner" name="runScenario" time="7.545"/>
  <system-out/>
</testsuite> <!-- CucumberFramework.TestngTestRunner -->
