<?xml version="1.0" encoding="UTF-8"?>
<!-- Generated by org.testng.reporters.JUnitReportReporter -->
<testsuite hostname="Avi-shek" failures="0" tests="2" name="AvishekLearning.EndToEndTest" time="22.289" errors="0" timestamp="2024-04-08T13:08:32 IST" skipped="0">
  <testcase classname="AvishekLearning.EndToEndTest" name="shop" time="11.415"/>
  <testcase classname="AvishekLearning.EndToEndTest" name="shop" time="10.874"/>
</testsuite> <!-- AvishekLearning.EndToEndTest -->
